2023-01-20 11:44:41.290  INFO 2064 --- [main] kr.co.sboard.SboardApplicationTests      : Starting SboardApplicationTests using Java 17.0.5 on DESKTOP-QOTDKI5 with PID 2064 (started by java1 in C:\Users\java1\Desktop\Workspace\SpringBoot\Sboard)
2023-01-20 11:44:41.294  INFO 2064 --- [main] kr.co.sboard.SboardApplicationTests      : No active profile set, falling back to 1 default profile: "default"
2023-01-20 11:44:42.004  INFO 2064 --- [main] .s.d.r.c.RepositoryConfigurationDelegate : Bootstrapping Spring Data JPA repositories in DEFAULT mode.
2023-01-20 11:44:42.061  INFO 2064 --- [main] .s.d.r.c.RepositoryConfigurationDelegate : Finished Spring Data repository scanning in 45 ms. Found 1 JPA repository interfaces.
2023-01-20 11:44:42.749  INFO 2064 --- [main] o.hibernate.jpa.internal.util.LogHelper  : HHH000204: Processing PersistenceUnitInfo [name: default]
2023-01-20 11:44:42.800  INFO 2064 --- [main] org.hibernate.Version                    : HHH000412: Hibernate ORM core version 5.6.14.Final
2023-01-20 11:44:42.995  INFO 2064 --- [main] o.hibernate.annotations.common.Version   : HCANN000001: Hibernate Commons Annotations {5.1.2.Final}
2023-01-20 11:44:43.206  INFO 2064 --- [main] com.zaxxer.hikari.HikariDataSource       : HikariPool-1 - Starting...
2023-01-20 11:44:43.576  INFO 2064 --- [main] com.zaxxer.hikari.HikariDataSource       : HikariPool-1 - Start completed.
2023-01-20 11:44:43.595  INFO 2064 --- [main] org.hibernate.dialect.Dialect            : HHH000400: Using dialect: org.hibernate.dialect.MySQL5InnoDBDialect
2023-01-20 11:44:44.351  INFO 2064 --- [main] o.h.e.t.j.p.i.JtaPlatformInitiator       : HHH000490: Using JtaPlatform implementation: [org.hibernate.engine.transaction.jta.platform.internal.NoJtaPlatform]
2023-01-20 11:44:44.359  INFO 2064 --- [main] j.LocalContainerEntityManagerFactoryBean : Initialized JPA EntityManagerFactory for persistence unit 'default'
2023-01-20 11:44:44.702  WARN 2064 --- [main] JpaBaseConfiguration$JpaWebConfiguration : spring.jpa.open-in-view is enabled by default. Therefore, database queries may be performed during view rendering. Explicitly configure spring.jpa.open-in-view to disable this warning
2023-01-20 11:44:45.394  INFO 2064 --- [main] o.s.s.web.DefaultSecurityFilterChain     : Will secure any request with [org.springframework.security.web.session.DisableEncodeUrlFilter@50d91a0f, org.springframework.security.web.context.request.async.WebAsyncManagerIntegrationFilter@3ace65df, org.springframework.security.web.context.SecurityContextPersistenceFilter@7612f385, org.springframework.security.web.header.HeaderWriterFilter@138d978e, org.springframework.security.web.authentication.logout.LogoutFilter@752180c4, org.springframework.security.web.authentication.UsernamePasswordAuthenticationFilter@39a09c0, org.springframework.security.web.savedrequest.RequestCacheAwareFilter@548c5127, org.springframework.security.web.servletapi.SecurityContextHolderAwareRequestFilter@c3114ea, org.springframework.security.web.authentication.AnonymousAuthenticationFilter@52b6561b, org.springframework.security.web.session.SessionManagementFilter@5feaafb3, org.springframework.security.web.access.ExceptionTranslationFilter@6075a4ea, org.springframework.security.web.access.intercept.FilterSecurityInterceptor@78141c58]
2023-01-20 11:44:45.837  INFO 2064 --- [main] o.s.b.a.w.s.WelcomePageHandlerMapping    : Adding welcome page template: index
2023-01-20 11:44:46.232  INFO 2064 --- [main] kr.co.sboard.SboardApplicationTests      : Started SboardApplicationTests in 5.337 seconds (JVM running for 6.404)
2023-01-20 11:44:46.575  INFO 2064 --- [main] kr.co.sboard.SboardApplicationTests      : result : 0
2023-01-20 11:44:46.638  INFO 2064 --- [SpringApplicationShutdownHook] j.LocalContainerEntityManagerFactoryBean : Closing JPA EntityManagerFactory for persistence unit 'default'
2023-01-20 11:44:46.639  INFO 2064 --- [SpringApplicationShutdownHook] com.zaxxer.hikari.HikariDataSource       : HikariPool-1 - Shutdown initiated...
2023-01-20 11:44:46.654  INFO 2064 --- [SpringApplicationShutdownHook] com.zaxxer.hikari.HikariDataSource       : HikariPool-1 - Shutdown completed.
2023-01-20 12:11:11.524  INFO 7428 --- [main] kr.co.sboard.SboardApplicationTests      : Starting SboardApplicationTests using Java 17.0.5 on DESKTOP-QOTDKI5 with PID 7428 (started by java1 in C:\Users\java1\Desktop\Workspace\SpringBoot\Sboard)
2023-01-20 12:11:11.528  INFO 7428 --- [main] kr.co.sboard.SboardApplicationTests      : No active profile set, falling back to 1 default profile: "default"
2023-01-20 12:11:12.391  INFO 7428 --- [main] .s.d.r.c.RepositoryConfigurationDelegate : Bootstrapping Spring Data JPA repositories in DEFAULT mode.
2023-01-20 12:11:12.470  INFO 7428 --- [main] .s.d.r.c.RepositoryConfigurationDelegate : Finished Spring Data repository scanning in 64 ms. Found 1 JPA repository interfaces.
2023-01-20 12:11:21.652  INFO 3492 --- [main] kr.co.sboard.SboardApplicationTests      : Starting SboardApplicationTests using Java 17.0.5 on DESKTOP-QOTDKI5 with PID 3492 (started by java1 in C:\Users\java1\Desktop\Workspace\SpringBoot\Sboard)
2023-01-20 12:11:21.654  INFO 3492 --- [main] kr.co.sboard.SboardApplicationTests      : No active profile set, falling back to 1 default profile: "default"
2023-01-20 12:11:22.379  INFO 3492 --- [main] .s.d.r.c.RepositoryConfigurationDelegate : Bootstrapping Spring Data JPA repositories in DEFAULT mode.
2023-01-20 12:11:22.447  INFO 3492 --- [main] .s.d.r.c.RepositoryConfigurationDelegate : Finished Spring Data repository scanning in 58 ms. Found 1 JPA repository interfaces.
2023-01-20 12:11:23.184  INFO 3492 --- [main] o.hibernate.jpa.internal.util.LogHelper  : HHH000204: Processing PersistenceUnitInfo [name: default]
2023-01-20 12:11:23.235  INFO 3492 --- [main] org.hibernate.Version                    : HHH000412: Hibernate ORM core version 5.6.14.Final
2023-01-20 12:11:23.411  INFO 3492 --- [main] o.hibernate.annotations.common.Version   : HCANN000001: Hibernate Commons Annotations {5.1.2.Final}
2023-01-20 12:11:23.580  INFO 3492 --- [main] com.zaxxer.hikari.HikariDataSource       : HikariPool-1 - Starting...
2023-01-20 12:11:23.935  INFO 3492 --- [main] com.zaxxer.hikari.HikariDataSource       : HikariPool-1 - Start completed.
2023-01-20 12:11:23.952  INFO 3492 --- [main] org.hibernate.dialect.Dialect            : HHH000400: Using dialect: org.hibernate.dialect.MySQL5InnoDBDialect
2023-01-20 12:11:24.660  INFO 3492 --- [main] o.h.e.t.j.p.i.JtaPlatformInitiator       : HHH000490: Using JtaPlatform implementation: [org.hibernate.engine.transaction.jta.platform.internal.NoJtaPlatform]
2023-01-20 12:11:24.668  INFO 3492 --- [main] j.LocalContainerEntityManagerFactoryBean : Initialized JPA EntityManagerFactory for persistence unit 'default'
2023-01-20 12:11:24.982  WARN 3492 --- [main] JpaBaseConfiguration$JpaWebConfiguration : spring.jpa.open-in-view is enabled by default. Therefore, database queries may be performed during view rendering. Explicitly configure spring.jpa.open-in-view to disable this warning
2023-01-20 12:11:25.651  INFO 3492 --- [main] o.s.s.web.DefaultSecurityFilterChain     : Will secure any request with [org.springframework.security.web.session.DisableEncodeUrlFilter@42db3ff, org.springframework.security.web.context.request.async.WebAsyncManagerIntegrationFilter@5a95aaae, org.springframework.security.web.context.SecurityContextPersistenceFilter@2cfd9b0a, org.springframework.security.web.header.HeaderWriterFilter@49c6ee4a, org.springframework.security.web.authentication.logout.LogoutFilter@f348e10, org.springframework.security.web.authentication.UsernamePasswordAuthenticationFilter@3ace65df, org.springframework.security.web.savedrequest.RequestCacheAwareFilter@2e03bb74, org.springframework.security.web.servletapi.SecurityContextHolderAwareRequestFilter@51d9479c, org.springframework.security.web.authentication.AnonymousAuthenticationFilter@519e67e, org.springframework.security.web.session.SessionManagementFilter@1bfb60b7, org.springframework.security.web.access.ExceptionTranslationFilter@20a46227, org.springframework.security.web.access.intercept.FilterSecurityInterceptor@8a7cd7c]
2023-01-20 12:11:26.499  INFO 3492 --- [main] kr.co.sboard.SboardApplicationTests      : Started SboardApplicationTests in 5.17 seconds (JVM running for 6.253)
2023-01-20 12:11:26.863  INFO 3492 --- [main] kr.co.sboard.SboardApplicationTests      : result : 0
2023-01-20 12:11:26.960  INFO 3492 --- [SpringApplicationShutdownHook] j.LocalContainerEntityManagerFactoryBean : Closing JPA EntityManagerFactory for persistence unit 'default'
2023-01-20 12:11:26.963  INFO 3492 --- [SpringApplicationShutdownHook] com.zaxxer.hikari.HikariDataSource       : HikariPool-1 - Shutdown initiated...
2023-01-20 12:11:26.971  INFO 3492 --- [SpringApplicationShutdownHook] com.zaxxer.hikari.HikariDataSource       : HikariPool-1 - Shutdown completed.
2023-01-20 12:26:20.227  INFO 12136 --- [main] kr.co.sboard.SboardApplicationTests      : Starting SboardApplicationTests using Java 17.0.5 on DESKTOP-QOTDKI5 with PID 12136 (started by java1 in C:\Users\java1\Desktop\Workspace\SpringBoot\Sboard)
2023-01-20 12:26:20.228  INFO 12136 --- [main] kr.co.sboard.SboardApplicationTests      : No active profile set, falling back to 1 default profile: "default"
2023-01-20 12:26:21.051  INFO 12136 --- [main] .s.d.r.c.RepositoryConfigurationDelegate : Bootstrapping Spring Data JPA repositories in DEFAULT mode.
2023-01-20 12:26:21.144  INFO 12136 --- [main] .s.d.r.c.RepositoryConfigurationDelegate : Finished Spring Data repository scanning in 78 ms. Found 1 JPA repository interfaces.
2023-01-20 12:26:22.064  INFO 12136 --- [main] o.hibernate.jpa.internal.util.LogHelper  : HHH000204: Processing PersistenceUnitInfo [name: default]
2023-01-20 12:26:22.138  INFO 12136 --- [main] org.hibernate.Version                    : HHH000412: Hibernate ORM core version 5.6.14.Final
2023-01-20 12:26:22.392  INFO 12136 --- [main] o.hibernate.annotations.common.Version   : HCANN000001: Hibernate Commons Annotations {5.1.2.Final}
2023-01-20 12:26:22.630  INFO 12136 --- [main] com.zaxxer.hikari.HikariDataSource       : HikariPool-1 - Starting...
2023-01-20 12:26:23.064  INFO 12136 --- [main] com.zaxxer.hikari.HikariDataSource       : HikariPool-1 - Start completed.
2023-01-20 12:26:23.086  INFO 12136 --- [main] org.hibernate.dialect.Dialect            : HHH000400: Using dialect: org.hibernate.dialect.MySQL5InnoDBDialect
2023-01-20 12:26:23.830  INFO 12136 --- [main] o.h.e.t.j.p.i.JtaPlatformInitiator       : HHH000490: Using JtaPlatform implementation: [org.hibernate.engine.transaction.jta.platform.internal.NoJtaPlatform]
2023-01-20 12:26:23.838  INFO 12136 --- [main] j.LocalContainerEntityManagerFactoryBean : Initialized JPA EntityManagerFactory for persistence unit 'default'
2023-01-20 12:26:24.253  WARN 12136 --- [main] JpaBaseConfiguration$JpaWebConfiguration : spring.jpa.open-in-view is enabled by default. Therefore, database queries may be performed during view rendering. Explicitly configure spring.jpa.open-in-view to disable this warning
2023-01-20 12:26:24.984  INFO 12136 --- [main] o.s.s.web.DefaultSecurityFilterChain     : Will secure any request with [org.springframework.security.web.session.DisableEncodeUrlFilter@6277a496, org.springframework.security.web.context.request.async.WebAsyncManagerIntegrationFilter@6632eb19, org.springframework.security.web.context.SecurityContextPersistenceFilter@2cfd9b0a, org.springframework.security.web.header.HeaderWriterFilter@49c6ee4a, org.springframework.security.web.authentication.logout.LogoutFilter@f348e10, org.springframework.security.web.authentication.UsernamePasswordAuthenticationFilter@1f370472, org.springframework.security.web.savedrequest.RequestCacheAwareFilter@2e03bb74, org.springframework.security.web.servletapi.SecurityContextHolderAwareRequestFilter@51d9479c, org.springframework.security.web.authentication.AnonymousAuthenticationFilter@42db3ff, org.springframework.security.web.session.SessionManagementFilter@1bfb60b7, org.springframework.security.web.access.ExceptionTranslationFilter@20a46227, org.springframework.security.web.access.intercept.FilterSecurityInterceptor@8a7cd7c]
2023-01-20 12:26:25.815  INFO 12136 --- [main] kr.co.sboard.SboardApplicationTests      : Started SboardApplicationTests in 5.902 seconds (JVM running for 6.972)
2023-01-20 12:26:26.169  INFO 12136 --- [main] kr.co.sboard.SboardApplicationTests      : result : 0
2023-01-20 12:26:26.285  INFO 12136 --- [SpringApplicationShutdownHook] j.LocalContainerEntityManagerFactoryBean : Closing JPA EntityManagerFactory for persistence unit 'default'
2023-01-20 12:26:26.289  INFO 12136 --- [SpringApplicationShutdownHook] com.zaxxer.hikari.HikariDataSource       : HikariPool-1 - Shutdown initiated...
2023-01-20 12:26:26.308  INFO 12136 --- [SpringApplicationShutdownHook] com.zaxxer.hikari.HikariDataSource       : HikariPool-1 - Shutdown completed.
2023-01-20 12:27:02.410  INFO 6580 --- [main] kr.co.sboard.SboardApplicationTests      : Starting SboardApplicationTests using Java 17.0.5 on DESKTOP-QOTDKI5 with PID 6580 (started by java1 in C:\Users\java1\Desktop\Workspace\SpringBoot\Sboard)
2023-01-20 12:27:02.411  INFO 6580 --- [main] kr.co.sboard.SboardApplicationTests      : No active profile set, falling back to 1 default profile: "default"
2023-01-20 12:27:03.105  INFO 6580 --- [main] .s.d.r.c.RepositoryConfigurationDelegate : Bootstrapping Spring Data JPA repositories in DEFAULT mode.
2023-01-20 12:27:03.167  INFO 6580 --- [main] .s.d.r.c.RepositoryConfigurationDelegate : Finished Spring Data repository scanning in 51 ms. Found 1 JPA repository interfaces.
2023-01-20 12:27:03.928  INFO 6580 --- [main] o.hibernate.jpa.internal.util.LogHelper  : HHH000204: Processing PersistenceUnitInfo [name: default]
2023-01-20 12:27:03.981  INFO 6580 --- [main] org.hibernate.Version                    : HHH000412: Hibernate ORM core version 5.6.14.Final
2023-01-20 12:27:04.155  INFO 6580 --- [main] o.hibernate.annotations.common.Version   : HCANN000001: Hibernate Commons Annotations {5.1.2.Final}
2023-01-20 12:27:04.314  INFO 6580 --- [main] com.zaxxer.hikari.HikariDataSource       : HikariPool-1 - Starting...
2023-01-20 12:27:04.679  INFO 6580 --- [main] com.zaxxer.hikari.HikariDataSource       : HikariPool-1 - Start completed.
2023-01-20 12:27:04.698  INFO 6580 --- [main] org.hibernate.dialect.Dialect            : HHH000400: Using dialect: org.hibernate.dialect.MySQL5InnoDBDialect
2023-01-20 12:27:05.375  INFO 6580 --- [main] o.h.e.t.j.p.i.JtaPlatformInitiator       : HHH000490: Using JtaPlatform implementation: [org.hibernate.engine.transaction.jta.platform.internal.NoJtaPlatform]
2023-01-20 12:27:05.384  INFO 6580 --- [main] j.LocalContainerEntityManagerFactoryBean : Initialized JPA EntityManagerFactory for persistence unit 'default'
2023-01-20 12:27:05.711  WARN 6580 --- [main] JpaBaseConfiguration$JpaWebConfiguration : spring.jpa.open-in-view is enabled by default. Therefore, database queries may be performed during view rendering. Explicitly configure spring.jpa.open-in-view to disable this warning
2023-01-20 12:27:06.351  INFO 6580 --- [main] o.s.s.web.DefaultSecurityFilterChain     : Will secure any request with [org.springframework.security.web.session.DisableEncodeUrlFilter@64f2b1b4, org.springframework.security.web.context.request.async.WebAsyncManagerIntegrationFilter@11ad327f, org.springframework.security.web.context.SecurityContextPersistenceFilter@8d23cd8, org.springframework.security.web.header.HeaderWriterFilter@57466fb7, org.springframework.security.web.authentication.logout.LogoutFilter@2e03bb74, org.springframework.security.web.authentication.UsernamePasswordAuthenticationFilter@8a7cd7c, org.springframework.security.web.savedrequest.RequestCacheAwareFilter@669469c9, org.springframework.security.web.servletapi.SecurityContextHolderAwareRequestFilter@16f15a4, org.springframework.security.web.authentication.AnonymousAuthenticationFilter@4b808427, org.springframework.security.web.session.SessionManagementFilter@781bd9dd, org.springframework.security.web.access.ExceptionTranslationFilter@6e149395, org.springframework.security.web.access.intercept.FilterSecurityInterceptor@5f7bd970]
2023-01-20 12:27:07.160  INFO 6580 --- [main] kr.co.sboard.SboardApplicationTests      : Started SboardApplicationTests in 5.089 seconds (JVM running for 6.14)
2023-01-20 12:27:07.494  INFO 6580 --- [main] kr.co.sboard.SboardApplicationTests      : result : 0
2023-01-20 12:27:07.567  INFO 6580 --- [SpringApplicationShutdownHook] j.LocalContainerEntityManagerFactoryBean : Closing JPA EntityManagerFactory for persistence unit 'default'
2023-01-20 12:27:07.569  INFO 6580 --- [SpringApplicationShutdownHook] com.zaxxer.hikari.HikariDataSource       : HikariPool-1 - Shutdown initiated...
2023-01-20 12:27:07.586  INFO 6580 --- [SpringApplicationShutdownHook] com.zaxxer.hikari.HikariDataSource       : HikariPool-1 - Shutdown completed.
2023-01-20 12:33:02.357  INFO 8064 --- [main] kr.co.sboard.SboardApplicationTests      : Starting SboardApplicationTests using Java 17.0.5 on DESKTOP-QOTDKI5 with PID 8064 (started by java1 in C:\Users\java1\Desktop\Workspace\SpringBoot\Sboard)
2023-01-20 12:33:02.359  INFO 8064 --- [main] kr.co.sboard.SboardApplicationTests      : No active profile set, falling back to 1 default profile: "default"
2023-01-20 12:33:03.064  INFO 8064 --- [main] .s.d.r.c.RepositoryConfigurationDelegate : Bootstrapping Spring Data JPA repositories in DEFAULT mode.
2023-01-20 12:33:03.121  INFO 8064 --- [main] .s.d.r.c.RepositoryConfigurationDelegate : Finished Spring Data repository scanning in 47 ms. Found 1 JPA repository interfaces.
2023-01-20 12:33:03.849  INFO 8064 --- [main] o.hibernate.jpa.internal.util.LogHelper  : HHH000204: Processing PersistenceUnitInfo [name: default]
2023-01-20 12:33:03.912  INFO 8064 --- [main] org.hibernate.Version                    : HHH000412: Hibernate ORM core version 5.6.14.Final
2023-01-20 12:33:04.116  INFO 8064 --- [main] o.hibernate.annotations.common.Version   : HCANN000001: Hibernate Commons Annotations {5.1.2.Final}
2023-01-20 12:33:04.287  INFO 8064 --- [main] com.zaxxer.hikari.HikariDataSource       : HikariPool-1 - Starting...
2023-01-20 12:33:04.654  INFO 8064 --- [main] com.zaxxer.hikari.HikariDataSource       : HikariPool-1 - Start completed.
2023-01-20 12:33:04.672  INFO 8064 --- [main] org.hibernate.dialect.Dialect            : HHH000400: Using dialect: org.hibernate.dialect.MySQL5InnoDBDialect
2023-01-20 12:33:05.459  INFO 8064 --- [main] o.h.e.t.j.p.i.JtaPlatformInitiator       : HHH000490: Using JtaPlatform implementation: [org.hibernate.engine.transaction.jta.platform.internal.NoJtaPlatform]
2023-01-20 12:33:05.468  INFO 8064 --- [main] j.LocalContainerEntityManagerFactoryBean : Initialized JPA EntityManagerFactory for persistence unit 'default'
2023-01-20 12:33:05.811  WARN 8064 --- [main] JpaBaseConfiguration$JpaWebConfiguration : spring.jpa.open-in-view is enabled by default. Therefore, database queries may be performed during view rendering. Explicitly configure spring.jpa.open-in-view to disable this warning
2023-01-20 12:33:06.480  INFO 8064 --- [main] o.s.s.web.DefaultSecurityFilterChain     : Will secure any request with [org.springframework.security.web.session.DisableEncodeUrlFilter@24bdd996, org.springframework.security.web.context.request.async.WebAsyncManagerIntegrationFilter@445b4594, org.springframework.security.web.context.SecurityContextPersistenceFilter@6e80de85, org.springframework.security.web.header.HeaderWriterFilter@669469c9, org.springframework.security.web.authentication.logout.LogoutFilter@4af50246, org.springframework.security.web.authentication.UsernamePasswordAuthenticationFilter@341889a1, org.springframework.security.web.savedrequest.RequestCacheAwareFilter@c3114ea, org.springframework.security.web.servletapi.SecurityContextHolderAwareRequestFilter@4549d616, org.springframework.security.web.authentication.AnonymousAuthenticationFilter@1f602930, org.springframework.security.web.session.SessionManagementFilter@7612f385, org.springframework.security.web.access.ExceptionTranslationFilter@1aea759d, org.springframework.security.web.access.intercept.FilterSecurityInterceptor@10f60e36]
2023-01-20 12:33:07.383  INFO 8064 --- [main] kr.co.sboard.SboardApplicationTests      : Started SboardApplicationTests in 5.361 seconds (JVM running for 6.468)
2023-01-20 12:33:07.752  INFO 8064 --- [main] kr.co.sboard.SboardApplicationTests      : result : 0
2023-01-20 12:33:07.822  INFO 8064 --- [SpringApplicationShutdownHook] j.LocalContainerEntityManagerFactoryBean : Closing JPA EntityManagerFactory for persistence unit 'default'
2023-01-20 12:33:07.824  INFO 8064 --- [SpringApplicationShutdownHook] com.zaxxer.hikari.HikariDataSource       : HikariPool-1 - Shutdown initiated...
2023-01-20 12:33:07.837  INFO 8064 --- [SpringApplicationShutdownHook] com.zaxxer.hikari.HikariDataSource       : HikariPool-1 - Shutdown completed.
